1. Hairspray (2007) [4, 2, 6.7, 98693]
2. Confessions of a Teenage Drama Queen (2004) [4, 1, 4.6, 23408]
3. Aladdin (1992) [4, 0, 8.0, 260939]
4. Tangled (2010) [4, 0, 7.8, 294810]
5. The Book of Life (2014) [4, 0, 7.3, 45580]
6. Shrek 2 (2004) [4, 0, 7.2, 314630]
7. Enchanted (2007) [4, 0, 7.1, 142496]
8. The Road to El Dorado (2000) [4, 0, 6.9, 58300]
9. A Monster in Paris (2011) [4, 0, 6.8, 15790]
10. Sinbad: Legend of the Seven Seas (2003) [4, 0, 6.7, 36144]
11. Bandslam (2009) [4, 0, 6.4, 11958]
12. Freaky Friday (2003) [4, 0, 6.1, 96693]
13. Rugrats in Paris: The Movie (2000) [4, 0, 6.1, 8146]
14. Home on the Range (2004) [4, 0, 5.4, 13581]
15. The Lizzie McGuire Movie (2003) [4, 0, 5.3, 27580]
16. Alpha and Omega (2010) [4, 0, 5.3, 10986]
17. Roadside Romeo (2008) [4, 0, 5.3, 922]
18. High School Musical (2006) [4, 0, 5.2, 59254]
19. Alvin and the Chipmunks (2007) [4, 0, 5.2, 57276]
20. Alvin and the Chipmunks: The Road Chip (2015) [4, 0, 5.0, 9418]
21. High School Musical 2 (2007) [4, 0, 4.8, 39786]
22. High School Musical 3: Senior Year (2008) [4, 0, 4.5, 43795]
23. Alvin and the Chipmunks: The Squeakquel (2009) [4, 0, 4.5, 31649]
24. Alvin and the Chipmunks: Chipwrecked (2011) [4, 0, 4.4, 22838]
25. Hannah Montana: The Movie (2009) [4, 0, 4.2, 31760]
26. Doug's 1st Movie (1999) [3, 2, 5.0, 2448]
27. Monsters, Inc. (2001) [3, 1, 8.1, 585659]
28. The Iron Giant (1999) [3, 1, 8.0, 128455]
29. Toy Story 2 (1999) [3, 1, 7.9, 385871]
30. Arthur [3, 1, 7.4, 8495]
